android/app/property(org.gradle.api.file.Directory, fixed(class org.gradle.api.internal.file.DefaultFilePropertyFactory$FixedDirectory, /home/noir/Documents/GitHub/azyx/build))/app/outputs/mapping/release/seeds.txt
androidx.core.app.NotificationCompatBuilder$Api21Impl: android.app.Notification$Builder addPerson(android.app.Notification$Builder,java.lang.String)
androidx.appcompat.widget.AppCompatButton: int[] getAutoSizeTextAvailableSizes()
io.flutter.embedding.engine.mutatorsstack.FlutterMutatorsStack$FlutterMutatorType: io.flutter.embedding.engine.mutatorsstack.FlutterMutatorsStack$FlutterMutatorType[] values()
androidx.appcompat.widget.SearchView: void setOnQueryTextListener(androidx.appcompat.widget.SearchView$OnQueryTextListener)
androidx.core.view.WindowInsetsCompat$Impl: boolean isRound()
androidx.appcompat.widget.AppCompatAutoCompleteTextView: AppCompatAutoCompleteTextView(android.content.Context,android.util.AttributeSet)
com.google.android.material.snackbar.Snackbar$SnackbarLayout: void setLayoutParams(android.view.ViewGroup$LayoutParams)
com.google.android.material.chip.Chip: void setChipBackgroundColorResource(int)
com.dexterous.flutterlocalnotifications.FlutterLocalNotificationsPlugin: void getCallbackHandle(io.flutter.plugin.common.MethodChannel$Result)
androidx.core.app.NotificationCompat$MessagingStyle$Api26Impl: android.app.Notification$MessagingStyle addHistoricMessage(android.app.Notification$MessagingStyle,android.app.Notification$MessagingStyle$Message)
io.flutter.embedding.engine.systemchannels.PlatformChannel$DeviceOrientation: io.flutter.embedding.engine.systemchannels.PlatformChannel$DeviceOrientation[] values()
kotlin.coroutines.intrinsics.CoroutineSingletons: kotlin.coroutines.intrinsics.CoroutineSingletons valueOf(java.lang.String)
com.google.android.material.textfield.MaterialAutoCompleteTextView: int getSimpleItemSelectedColor()
androidx.vectordrawable.graphics.drawable.VectorDrawableCompat$VFullPath: float getStrokeWidth()
androidx.appcompat.widget.AppCompatImageButton: void setSupportImageTintMode(android.graphics.PorterDuff$Mode)
com.google.android.material.checkbox.MaterialCheckBox: void setErrorAccessibilityLabel(java.lang.CharSequence)
androidx.core.app.NotificationCompatBuilder$Api23Impl: android.app.Notification$Action$Builder createBuilder(android.graphics.drawable.Icon,java.lang.CharSequence,android.app.PendingIntent)
com.google.android.material.textfield.TextInputLayout: void setBoxCollapsedPaddingTop(int)
io.flutter.embedding.engine.FlutterJNI: void ensureRunningOnMainThread()
io.flutter.embedding.engine.FlutterJNI: boolean isAttached()
io.flutter.embedding.engine.FlutterJNI: void removeEngineLifecycleListener(io.flutter.embedding.engine.FlutterEngine$EngineLifecycleListener)
com.google.android.material.button.MaterialButtonToggleGroup: int getVisibleButtonCount()
com.dexterous.flutterlocalnotifications.FlutterLocalNotificationsPlugin: FlutterLocalNotificationsPlugin()
androidx.appcompat.widget.Toolbar: int getTitleMarginEnd()
androidx.core.app.NotificationCompat$MessagingStyle$Api24Impl: android.app.Notification$MessagingStyle setConversationTitle(android.app.Notification$MessagingStyle,java.lang.CharSequence)
com.google.android.material.textfield.TextInputLayout: java.lang.CharSequence getHint()
androidx.core.app.NotificationCompat$CallStyle$Api21Impl: android.app.Notification$Builder setCategory(android.app.Notification$Builder,java.lang.String)
com.google.android.material.textfield.MaterialAutoCompleteTextView: float getPopupElevation()
android.support.v4.media.session.MediaControllerCompat$Callback: MediaControllerCompat$Callback()
com.google.android.material.floatingactionbutton.ExtendedFloatingActionButton$ExtendedFloatingActionButtonBehavior: ExtendedFloatingActionButton$ExtendedFloatingActionButtonBehavior()
androidx.appcompat.widget.ActionBarOverlayLayout: void setActionBarVisibilityCallback(androidx.appcompat.widget.ActionBarOverlayLayout$ActionBarVisibilityCallback)
androidx.appcompat.widget.Toolbar: void setCollapseContentDescription(int)
androidx.lifecycle.ProcessLifecycleOwner$attach$1: void onActivityPreCreated(android.app.Activity,android.os.Bundle)