android/app/property(org.gradle.api.file.Directory, fixed(class org.gradle.api.internal.file.DefaultFilePropertyFactory$FixedDirectory, /home/noir/Documents/GitHub/azyx/build))/app/outputs/mapping/release/mapping.txt
# compiler: R8
# compiler_version: 3.3.70
# min_api: 21
# common_typos_disable
# {"id":"com.android.tools.r8.mapping","version":"2.0"}
# pg_map_id: 5797633
# pg_map_hash: SHA-256 5797633b1b610def4b9c9af30ccc8decc1ca01addfe49db1dcf680414259abcb
...
com.google.android.material.datepicker.DateValidatorPointForward$1 -> com.google.android.material.datepicker.f$a:
    com.google.android.material.datepicker.DateValidatorPointForward createFromParcel(android.os.Parcel) -> a
    com.google.android.material.datepicker.DateValidatorPointForward[] newArray(int) -> b
com.google.android.material.datepicker.DaysOfWeekAdapter -> com.google.android.material.datepicker.g:
    java.util.Calendar calendar -> f
    int firstDayOfWeek -> h
    int CALENDAR_DAY_STYLE -> i
    int daysInWeek -> g
    java.lang.Integer getItem(int) -> a
    int positionToDayOfWeek(int) -> b
com.google.android.material.datepicker.MaterialCalendar -> com.google.android.material.datepicker.h:
    com.google.android.material.datepicker.CalendarStyle calendarStyle -> p0
    android.view.View dayFrame -> t0
    com.google.android.material.datepicker.Month current -> n0
    android.view.View yearFrame -> s0
    int themeResId -> k0
    com.google.android.material.datepicker.DateSelector dateSelector -> l0
    com.google.android.material.datepicker.MaterialCalendar$CalendarSelector calendarSelector -> o0
    java.lang.Object SELECTOR_TOGGLE_TAG -> x0
    java.lang.Object NAVIGATION_NEXT_TAG -> w0
    java.lang.Object NAVIGATION_PREV_TAG -> v0
    com.google.android.material.datepicker.CalendarConstraints calendarConstraints -> m0
    java.lang.Object MONTHS_VIEW_GROUP_TAG -> u0
    androidx.recyclerview.widget.RecyclerView yearSelector -> q0
    androidx.recyclerview.widget.RecyclerView recyclerView -> r0
    void onCreate(android.os.Bundle) -> O0
    android.view.View onCreateView(android.view.LayoutInflater,android.view.ViewGroup,android.os.Bundle) -> S0
    boolean addOnSelectionChangedListener(com.google.android.material.datepicker.OnSelectionChangedListener) -> c2
    androidx.recyclerview.widget.RecyclerView access$000(com.google.android.material.datepicker.MaterialCalendar) -> e2
    com.google.android.material.datepicker.CalendarConstraints access$100(com.google.android.material.datepicker.MaterialCalendar) -> f2
com.google.android.material.datepicker.MaterialCalendar$1 -> com.google.android.material.datepicker.h$b:
    com.google.android.material.datepicker.MaterialCalendar this$0 -> d
    void onInitializeAccessibilityNodeInfo(android.view.View,androidx.core.view.accessibility.AccessibilityNodeInfoCompat) -> g
com.google.android.material.datepicker.MaterialCalendar$10 -> com.google.android.material.datepicker.h$a:
    int val$position -> f
    com.google.android.material.datepicker.MaterialCalendar this$0 -> g
com.google.android.material.datepicker.MaterialCalendar$2 -> com.google.android.material.datepicker.h$c:
    com.google.android.material.datepicker.MaterialCalendar this$0 -> J
    int val$orientation -> I
    void calculateExtraLayoutSpace(androidx.recyclerview.widget.RecyclerView$State,int[]) -> M1
com.google.android.material.datepicker.MaterialCalendar$3 -> com.google.android.material.datepicker.h$d:
    com.google.android.material.datepicker.MaterialCalendar this$0 -> a
    void onDayClick(long) -> a
com.google.android.material.datepicker.MaterialCalendar$4 -> com.google.android.material.datepicker.h$e:
    java.util.Calendar startItem -> a
    java.util.Calendar endItem -> b
    com.google.android.material.datepicker.MaterialCalendar this$0 -> c
    void onDraw(android.graphics.Canvas,androidx.recyclerview.widget.RecyclerView,androidx.recyclerview.widget.RecyclerView$State) -> g
com.google.android.material.datepicker.MaterialCalendar$5 -> com.google.android.material.datepicker.h$f:
    com.google.android.material.datepicker.MaterialCalendar this$0 -> d
    void onInitializeAccessibilityNodeInfo(android.view.View,androidx.core.view.accessibility.AccessibilityNodeInfoCompat) -> g